2020-08-22T20:26:13+00:00 CRITICAL Uncaught Error: Call to undefined function get_the_categories() in /Users/manas/Sites/oval.bio/wp-content/themes/oval.bio/template-parts/module-research-and-development.php:14
Stack trace:
#0 /Users/manas/Sites/oval.bio/wp-includes/template.php(732): require()
#1 /Users/manas/Sites/oval.bio/wp-includes/template.php(676): load_template('/Users/manas/Si...', false, Array)
#2 /Users/manas/Sites/oval.bio/wp-includes/general-template.php(204): locate_template(Array, true, false, Array)
#3 /Users/manas/Sites/oval.bio/wp-content/themes/oval.bio/template-parts/module-all.php(182): get_template_part('template-parts/...', 'research-and-de...', Array)
#4 /Users/manas/Sites/oval.bio/wp-includes/template.php(732): require('/Users/manas/Si...')
#5 /Users/manas/Sites/oval.bio/wp-includes/template.php(676): load_template('/Users/manas/Si...', false, Array)
#6 /Users/manas/Sites/oval.bio/wp-includes/general-template.php(204): locate_template(Array, true, false, Array)
#7 /Users/manas/Sites/oval.bio/wp-content/themes/oval.bio/ in /Users/manas/Sites/oval.bio/wp-content/themes/oval.bio/template-parts/module-research-and-development.php on line 14

2020-08-22T20:26:30+00:00 CRITICAL Uncaught Error: Call to undefined function get_the_categories() in /Users/manas/Sites/oval.bio/wp-content/themes/oval.bio/template-parts/module-research-and-development.php:14
Stack trace:
#0 /Users/manas/Sites/oval.bio/wp-includes/template.php(732): require()
#1 /Users/manas/Sites/oval.bio/wp-includes/template.php(676): load_template('/Users/manas/Si...', false, Array)
#2 /Users/manas/Sites/oval.bio/wp-includes/general-template.php(204): locate_template(Array, true, false, Array)
#3 /Users/manas/Sites/oval.bio/wp-content/themes/oval.bio/template-parts/module-all.php(182): get_template_part('template-parts/...', 'research-and-de...', Array)
#4 /Users/manas/Sites/oval.bio/wp-includes/template.php(732): require('/Users/manas/Si...')
#5 /Users/manas/Sites/oval.bio/wp-includes/template.php(676): load_template('/Users/manas/Si...', false, Array)
#6 /Users/manas/Sites/oval.bio/wp-includes/general-template.php(204): locate_template(Array, true, false, Array)
#7 /Users/manas/Sites/oval.bio/wp-content/themes/oval.bio/ in /Users/manas/Sites/oval.bio/wp-content/themes/oval.bio/template-parts/module-research-and-development.php on line 14

2020-08-22T20:27:01+00:00 CRITICAL Uncaught Error: Call to undefined function get_the_categories() in /Users/manas/Sites/oval.bio/wp-content/themes/oval.bio/template-parts/module-research-and-development.php:10
Stack trace:
#0 /Users/manas/Sites/oval.bio/wp-includes/template.php(732): require()
#1 /Users/manas/Sites/oval.bio/wp-includes/template.php(676): load_template('/Users/manas/Si...', false, Array)
#2 /Users/manas/Sites/oval.bio/wp-includes/general-template.php(204): locate_template(Array, true, false, Array)
#3 /Users/manas/Sites/oval.bio/wp-content/themes/oval.bio/template-parts/module-all.php(182): get_template_part('template-parts/...', 'research-and-de...', Array)
#4 /Users/manas/Sites/oval.bio/wp-includes/template.php(732): require('/Users/manas/Si...')
#5 /Users/manas/Sites/oval.bio/wp-includes/template.php(676): load_template('/Users/manas/Si...', false, Array)
#6 /Users/manas/Sites/oval.bio/wp-includes/general-template.php(204): locate_template(Array, true, false, Array)
#7 /Users/manas/Sites/oval.bio/wp-content/themes/oval.bio/ in /Users/manas/Sites/oval.bio/wp-content/themes/oval.bio/template-parts/module-research-and-development.php on line 10

2020-08-22T20:27:37+00:00 CRITICAL Uncaught Error: Call to undefined function get_date() in /Users/manas/Sites/oval.bio/wp-content/themes/oval.bio/template-parts/module-research-and-development.php:23
Stack trace:
#0 /Users/manas/Sites/oval.bio/wp-includes/template.php(732): require()
#1 /Users/manas/Sites/oval.bio/wp-includes/template.php(676): load_template('/Users/manas/Si...', false, Array)
#2 /Users/manas/Sites/oval.bio/wp-includes/general-template.php(204): locate_template(Array, true, false, Array)
#3 /Users/manas/Sites/oval.bio/wp-content/themes/oval.bio/template-parts/module-all.php(182): get_template_part('template-parts/...', 'research-and-de...', Array)
#4 /Users/manas/Sites/oval.bio/wp-includes/template.php(732): require('/Users/manas/Si...')
#5 /Users/manas/Sites/oval.bio/wp-includes/template.php(676): load_template('/Users/manas/Si...', false, Array)
#6 /Users/manas/Sites/oval.bio/wp-includes/general-template.php(204): locate_template(Array, true, false, Array)
#7 /Users/manas/Sites/oval.bio/wp-content/themes/oval.bio/single-pro in /Users/manas/Sites/oval.bio/wp-content/themes/oval.bio/template-parts/module-research-and-development.php on line 23

