2020-08-26T16:31:34+00:00 CRITICAL Uncaught ArgumentCountError: Too few arguments to function wc_get_products(), 0 passed in /Users/manas/Sites/oval.bio/wp-content/themes/oval.bio/source/blocks/product-grid.php on line 32 and exactly 1 expected in /Users/manas/Sites/oval.bio/wp-content/plugins/woocommerce/includes/wc-product-functions.php:28
Stack trace:
#0 /Users/manas/Sites/oval.bio/wp-content/themes/oval.bio/source/blocks/product-grid.php(32): wc_get_products()
#1 /Users/manas/Sites/oval.bio/wp-includes/template.php(732): require('/Users/manas/Si...')
#2 /Users/manas/Sites/oval.bio/wp-includes/template.php(676): load_template('/Users/manas/Si...', false, Array)
#3 /Users/manas/Sites/oval.bio/wp-includes/general-template.php(204): locate_template(Array, true, false, Array)
#4 /Users/manas/Sites/oval.bio/wp-content/themes/oval.bio/page-home.php(109): get_template_part('source/blocks/p...')
#5 /Users/manas/Sites/oval.bio/wp-includes/template-loader.php(106): include('/Users/manas/Si...')
#6 /Users/manas/Sites/oval.bio/wp-blog-header.php(19): r in /Users/manas/Sites/oval.bio/wp-content/plugins/woocommerce/includes/wc-product-functions.php on line 28

2020-08-26T16:34:17+00:00 CRITICAL Uncaught Error: Cannot use object of type WC_Product_Simple as array in /Users/manas/Sites/oval.bio/wp-content/themes/oval.bio/source/blocks/product-grid.php:65
Stack trace:
#0 /Users/manas/Sites/oval.bio/wp-includes/template.php(732): require()
#1 /Users/manas/Sites/oval.bio/wp-includes/template.php(676): load_template('/Users/manas/Si...', false, Array)
#2 /Users/manas/Sites/oval.bio/wp-includes/general-template.php(204): locate_template(Array, true, false, Array)
#3 /Users/manas/Sites/oval.bio/wp-content/themes/oval.bio/page-home.php(109): get_template_part('source/blocks/p...')
#4 /Users/manas/Sites/oval.bio/wp-includes/template-loader.php(106): include('/Users/manas/Si...')
#5 /Users/manas/Sites/oval.bio/wp-blog-header.php(19): require_once('/Users/manas/Si...')
#6 /Users/manas/Sites/oval.bio/index.php(17): require('/Users/manas/Si...')
#7 /Users/manas/.composer/vendor/laravel/valet/server.php(191): require('/Users/manas/Si...')
#8 {main}
  thrown in /Users/manas/Sites/oval.bio/wp-content/themes/oval.bio/source/blocks/product-grid.php on line 65

2020-08-26T16:34:52+00:00 CRITICAL Uncaught Error: Cannot use object of type WC_Product_Simple as array in /Users/manas/Sites/oval.bio/wp-content/themes/oval.bio/source/blocks/product-grid.php:66
Stack trace:
#0 /Users/manas/Sites/oval.bio/wp-includes/template.php(732): require()
#1 /Users/manas/Sites/oval.bio/wp-includes/template.php(676): load_template('/Users/manas/Si...', false, Array)
#2 /Users/manas/Sites/oval.bio/wp-includes/general-template.php(204): locate_template(Array, true, false, Array)
#3 /Users/manas/Sites/oval.bio/wp-content/themes/oval.bio/page-home.php(109): get_template_part('source/blocks/p...')
#4 /Users/manas/Sites/oval.bio/wp-includes/template-loader.php(106): include('/Users/manas/Si...')
#5 /Users/manas/Sites/oval.bio/wp-blog-header.php(19): require_once('/Users/manas/Si...')
#6 /Users/manas/Sites/oval.bio/index.php(17): require('/Users/manas/Si...')
#7 /Users/manas/.composer/vendor/laravel/valet/server.php(191): require('/Users/manas/Si...')
#8 {main}
  thrown in /Users/manas/Sites/oval.bio/wp-content/themes/oval.bio/source/blocks/product-grid.php on line 66

2020-08-26T16:35:24+00:00 CRITICAL Uncaught Error: Cannot use object of type WC_Product_Simple as array in /Users/manas/Sites/oval.bio/wp-content/themes/oval.bio/source/blocks/product-grid.php:66
Stack trace:
#0 /Users/manas/Sites/oval.bio/wp-includes/template.php(732): require()
#1 /Users/manas/Sites/oval.bio/wp-includes/template.php(676): load_template('/Users/manas/Si...', false, Array)
#2 /Users/manas/Sites/oval.bio/wp-includes/general-template.php(204): locate_template(Array, true, false, Array)
#3 /Users/manas/Sites/oval.bio/wp-content/themes/oval.bio/page-home.php(109): get_template_part('source/blocks/p...')
#4 /Users/manas/Sites/oval.bio/wp-includes/template-loader.php(106): include('/Users/manas/Si...')
#5 /Users/manas/Sites/oval.bio/wp-blog-header.php(19): require_once('/Users/manas/Si...')
#6 /Users/manas/Sites/oval.bio/index.php(17): require('/Users/manas/Si...')
#7 /Users/manas/.composer/vendor/laravel/valet/server.php(191): require('/Users/manas/Si...')
#8 {main}
  thrown in /Users/manas/Sites/oval.bio/wp-content/themes/oval.bio/source/blocks/product-grid.php on line 66

2020-08-26T16:36:46+00:00 CRITICAL Uncaught Error: Cannot use object of type WC_Product_Simple as array in /Users/manas/Sites/oval.bio/wp-content/themes/oval.bio/source/blocks/product-grid.php:68
Stack trace:
#0 /Users/manas/Sites/oval.bio/wp-includes/template.php(732): require()
#1 /Users/manas/Sites/oval.bio/wp-includes/template.php(676): load_template('/Users/manas/Si...', false, Array)
#2 /Users/manas/Sites/oval.bio/wp-includes/general-template.php(204): locate_template(Array, true, false, Array)
#3 /Users/manas/Sites/oval.bio/wp-content/themes/oval.bio/page-home.php(109): get_template_part('source/blocks/p...')
#4 /Users/manas/Sites/oval.bio/wp-includes/template-loader.php(106): include('/Users/manas/Si...')
#5 /Users/manas/Sites/oval.bio/wp-blog-header.php(19): require_once('/Users/manas/Si...')
#6 /Users/manas/Sites/oval.bio/index.php(17): require('/Users/manas/Si...')
#7 /Users/manas/.composer/vendor/laravel/valet/server.php(191): require('/Users/manas/Si...')
#8 {main}
  thrown in /Users/manas/Sites/oval.bio/wp-content/themes/oval.bio/source/blocks/product-grid.php on line 68

2020-08-26T16:36:57+00:00 CRITICAL Uncaught Error: Cannot use object of type WC_Product_Simple as array in /Users/manas/Sites/oval.bio/wp-content/themes/oval.bio/source/blocks/product-grid.php:61
Stack trace:
#0 /Users/manas/Sites/oval.bio/wp-includes/template.php(732): require()
#1 /Users/manas/Sites/oval.bio/wp-includes/template.php(676): load_template('/Users/manas/Si...', false, Array)
#2 /Users/manas/Sites/oval.bio/wp-includes/general-template.php(204): locate_template(Array, true, false, Array)
#3 /Users/manas/Sites/oval.bio/wp-content/themes/oval.bio/page-home.php(109): get_template_part('source/blocks/p...')
#4 /Users/manas/Sites/oval.bio/wp-includes/template-loader.php(106): include('/Users/manas/Si...')
#5 /Users/manas/Sites/oval.bio/wp-blog-header.php(19): require_once('/Users/manas/Si...')
#6 /Users/manas/Sites/oval.bio/index.php(17): require('/Users/manas/Si...')
#7 /Users/manas/.composer/vendor/laravel/valet/server.php(191): require('/Users/manas/Si...')
#8 {main}
  thrown in /Users/manas/Sites/oval.bio/wp-content/themes/oval.bio/source/blocks/product-grid.php on line 61

2020-08-26T16:37:28+00:00 CRITICAL Uncaught Error: Cannot use object of type WC_Product_Simple as array in /Users/manas/Sites/oval.bio/wp-content/themes/oval.bio/source/blocks/product-grid.php:64
Stack trace:
#0 /Users/manas/Sites/oval.bio/wp-includes/template.php(732): require()
#1 /Users/manas/Sites/oval.bio/wp-includes/template.php(676): load_template('/Users/manas/Si...', false, Array)
#2 /Users/manas/Sites/oval.bio/wp-includes/general-template.php(204): locate_template(Array, true, false, Array)
#3 /Users/manas/Sites/oval.bio/wp-content/themes/oval.bio/page-home.php(109): get_template_part('source/blocks/p...')
#4 /Users/manas/Sites/oval.bio/wp-includes/template-loader.php(106): include('/Users/manas/Si...')
#5 /Users/manas/Sites/oval.bio/wp-blog-header.php(19): require_once('/Users/manas/Si...')
#6 /Users/manas/Sites/oval.bio/index.php(17): require('/Users/manas/Si...')
#7 /Users/manas/.composer/vendor/laravel/valet/server.php(191): require('/Users/manas/Si...')
#8 {main}
  thrown in /Users/manas/Sites/oval.bio/wp-content/themes/oval.bio/source/blocks/product-grid.php on line 64

2020-08-26T16:40:30+00:00 CRITICAL syntax error, unexpected '?>', expecting ')' in /Users/manas/Sites/oval.bio/wp-content/themes/oval.bio/source/blocks/product-grid.php on line 48

2020-08-26T16:40:41+00:00 CRITICAL Uncaught Error: Cannot use object of type WC_Product_Simple as array in /Users/manas/Sites/oval.bio/wp-content/themes/oval.bio/source/blocks/product-grid.php:65
Stack trace:
#0 /Users/manas/Sites/oval.bio/wp-includes/template.php(732): require()
#1 /Users/manas/Sites/oval.bio/wp-includes/template.php(676): load_template('/Users/manas/Si...', false, Array)
#2 /Users/manas/Sites/oval.bio/wp-includes/general-template.php(204): locate_template(Array, true, false, Array)
#3 /Users/manas/Sites/oval.bio/wp-content/themes/oval.bio/page-home.php(109): get_template_part('source/blocks/p...')
#4 /Users/manas/Sites/oval.bio/wp-includes/template-loader.php(106): include('/Users/manas/Si...')
#5 /Users/manas/Sites/oval.bio/wp-blog-header.php(19): require_once('/Users/manas/Si...')
#6 /Users/manas/Sites/oval.bio/index.php(17): require('/Users/manas/Si...')
#7 /Users/manas/.composer/vendor/laravel/valet/server.php(191): require('/Users/manas/Si...')
#8 {main}
  thrown in /Users/manas/Sites/oval.bio/wp-content/themes/oval.bio/source/blocks/product-grid.php on line 65

2020-08-26T16:40:51+00:00 CRITICAL Uncaught Error: Cannot use object of type WC_Product_Simple as array in /Users/manas/Sites/oval.bio/wp-content/themes/oval.bio/source/blocks/product-grid.php:65
Stack trace:
#0 /Users/manas/Sites/oval.bio/wp-includes/template.php(732): require()
#1 /Users/manas/Sites/oval.bio/wp-includes/template.php(676): load_template('/Users/manas/Si...', false, Array)
#2 /Users/manas/Sites/oval.bio/wp-includes/general-template.php(204): locate_template(Array, true, false, Array)
#3 /Users/manas/Sites/oval.bio/wp-content/themes/oval.bio/page-all-products.php(6): get_template_part('source/blocks/p...', '')
#4 /Users/manas/Sites/oval.bio/wp-includes/template-loader.php(106): include('/Users/manas/Si...')
#5 /Users/manas/Sites/oval.bio/wp-blog-header.php(19): require_once('/Users/manas/Si...')
#6 /Users/manas/Sites/oval.bio/index.php(17): require('/Users/manas/Si...')
#7 /Users/manas/.composer/vendor/laravel/valet/server.php(191): require('/Users/manas/Si...')
#8 {main}
  thrown in /Users/manas/Sites/oval.bio/wp-content/themes/oval.bio/source/blocks/product-grid.php on line 65

2020-08-26T16:41:27+00:00 CRITICAL Uncaught Error: Cannot use object of type WC_Product_Simple as array in /Users/manas/Sites/oval.bio/wp-content/themes/oval.bio/source/blocks/product-grid.php:65
Stack trace:
#0 /Users/manas/Sites/oval.bio/wp-includes/template.php(732): require()
#1 /Users/manas/Sites/oval.bio/wp-includes/template.php(676): load_template('/Users/manas/Si...', false, Array)
#2 /Users/manas/Sites/oval.bio/wp-includes/general-template.php(204): locate_template(Array, true, false, Array)
#3 /Users/manas/Sites/oval.bio/wp-content/themes/oval.bio/page-all-products.php(6): get_template_part('source/blocks/p...', '')
#4 /Users/manas/Sites/oval.bio/wp-includes/template-loader.php(106): include('/Users/manas/Si...')
#5 /Users/manas/Sites/oval.bio/wp-blog-header.php(19): require_once('/Users/manas/Si...')
#6 /Users/manas/Sites/oval.bio/index.php(17): require('/Users/manas/Si...')
#7 /Users/manas/.composer/vendor/laravel/valet/server.php(191): require('/Users/manas/Si...')
#8 {main}
  thrown in /Users/manas/Sites/oval.bio/wp-content/themes/oval.bio/source/blocks/product-grid.php on line 65

2020-08-26T17:31:27+00:00 CRITICAL syntax error, unexpected 'endforeach' (T_ENDFOREACH) in /Users/manas/Sites/oval.bio/wp-content/themes/oval.bio/source/blocks/product-grid.php on line 84

2020-08-26T17:31:34+00:00 CRITICAL Uncaught Error: Call to a member function have_posts() on array in /Users/manas/Sites/oval.bio/wp-content/themes/oval.bio/source/blocks/product-grid.php:65
Stack trace:
#0 /Users/manas/Sites/oval.bio/wp-includes/template.php(732): require()
#1 /Users/manas/Sites/oval.bio/wp-includes/template.php(676): load_template('/Users/manas/Si...', false, Array)
#2 /Users/manas/Sites/oval.bio/wp-includes/general-template.php(204): locate_template(Array, true, false, Array)
#3 /Users/manas/Sites/oval.bio/wp-content/themes/oval.bio/page-all-products.php(6): get_template_part('source/blocks/p...', '')
#4 /Users/manas/Sites/oval.bio/wp-includes/template-loader.php(106): include('/Users/manas/Si...')
#5 /Users/manas/Sites/oval.bio/wp-blog-header.php(19): require_once('/Users/manas/Si...')
#6 /Users/manas/Sites/oval.bio/index.php(17): require('/Users/manas/Si...')
#7 /Users/manas/.composer/vendor/laravel/valet/server.php(191): require('/Users/manas/Si...')
#8 {main}
  thrown in /Users/manas/Sites/oval.bio/wp-content/themes/oval.bio/source/blocks/product-grid.php on line 65

2020-08-26T17:34:41+00:00 CRITICAL Uncaught Error: Cannot use object of type WP_Query as array in /Users/manas/Sites/oval.bio/wp-content/themes/oval.bio/source/blocks/product-grid.php:37
Stack trace:
#0 /Users/manas/Sites/oval.bio/wp-includes/template.php(732): require()
#1 /Users/manas/Sites/oval.bio/wp-includes/template.php(676): load_template('/Users/manas/Si...', false, Array)
#2 /Users/manas/Sites/oval.bio/wp-includes/general-template.php(204): locate_template(Array, true, false, Array)
#3 /Users/manas/Sites/oval.bio/wp-content/themes/oval.bio/page-all-products.php(6): get_template_part('source/blocks/p...', '')
#4 /Users/manas/Sites/oval.bio/wp-includes/template-loader.php(106): include('/Users/manas/Si...')
#5 /Users/manas/Sites/oval.bio/wp-blog-header.php(19): require_once('/Users/manas/Si...')
#6 /Users/manas/Sites/oval.bio/index.php(17): require('/Users/manas/Si...')
#7 /Users/manas/.composer/vendor/laravel/valet/server.php(191): require('/Users/manas/Si...')
#8 {main}
  thrown in /Users/manas/Sites/oval.bio/wp-content/themes/oval.bio/source/blocks/product-grid.php on line 37

2020-08-26T17:35:14+00:00 CRITICAL Uncaught Error: Call to undefined function get_the_categories() in /Users/manas/Sites/oval.bio/wp-content/themes/oval.bio/source/blocks/product-grid.php:72
Stack trace:
#0 /Users/manas/Sites/oval.bio/wp-includes/template.php(732): require()
#1 /Users/manas/Sites/oval.bio/wp-includes/template.php(676): load_template('/Users/manas/Si...', false, Array)
#2 /Users/manas/Sites/oval.bio/wp-includes/general-template.php(204): locate_template(Array, true, false, Array)
#3 /Users/manas/Sites/oval.bio/wp-content/themes/oval.bio/page-all-products.php(6): get_template_part('source/blocks/p...', '')
#4 /Users/manas/Sites/oval.bio/wp-includes/template-loader.php(106): include('/Users/manas/Si...')
#5 /Users/manas/Sites/oval.bio/wp-blog-header.php(19): require_once('/Users/manas/Si...')
#6 /Users/manas/Sites/oval.bio/index.php(17): require('/Users/manas/Si...')
#7 /Users/manas/.composer/vendor/laravel/valet/server.php(191): require('/Users/manas/Si...')
#8 {main}
  thrown in /Users/manas/Sites/oval.bio/wp-content/themes/oval.bio/source/blocks/product-grid.php on line 72

2020-08-26T17:56:03+00:00 CRITICAL syntax error, unexpected ')' in /Users/manas/Sites/oval.bio/wp-content/themes/oval.bio/source/blocks/product-grid.php on line 37

2020-08-26T17:56:10+00:00 CRITICAL syntax error, unexpected ')' in /Users/manas/Sites/oval.bio/wp-content/themes/oval.bio/source/blocks/product-grid.php on line 37

2020-08-26T17:56:13+00:00 CRITICAL syntax error, unexpected ')' in /Users/manas/Sites/oval.bio/wp-content/themes/oval.bio/source/blocks/product-grid.php on line 37

2020-08-26T17:56:17+00:00 CRITICAL syntax error, unexpected ')' in /Users/manas/Sites/oval.bio/wp-content/themes/oval.bio/source/blocks/product-grid.php on line 37

2020-08-26T17:56:22+00:00 CRITICAL syntax error, unexpected ')' in /Users/manas/Sites/oval.bio/wp-content/themes/oval.bio/source/blocks/product-grid.php on line 37

2020-08-26T17:56:31+00:00 CRITICAL Uncaught Error: Cannot use object of type WP_Query as array in /Users/manas/Sites/oval.bio/wp-content/themes/oval.bio/source/blocks/product-grid.php:37
Stack trace:
#0 /Users/manas/Sites/oval.bio/wp-includes/template.php(732): require()
#1 /Users/manas/Sites/oval.bio/wp-includes/template.php(676): load_template('/Users/manas/Si...', false, Array)
#2 /Users/manas/Sites/oval.bio/wp-includes/general-template.php(204): locate_template(Array, true, false, Array)
#3 /Users/manas/Sites/oval.bio/wp-content/themes/oval.bio/page-all-products.php(6): get_template_part('source/blocks/p...', '')
#4 /Users/manas/Sites/oval.bio/wp-includes/template-loader.php(106): include('/Users/manas/Si...')
#5 /Users/manas/Sites/oval.bio/wp-blog-header.php(19): require_once('/Users/manas/Si...')
#6 /Users/manas/Sites/oval.bio/index.php(17): require('/Users/manas/Si...')
#7 /Users/manas/.composer/vendor/laravel/valet/server.php(191): require('/Users/manas/Si...')
#8 {main}
  thrown in /Users/manas/Sites/oval.bio/wp-content/themes/oval.bio/source/blocks/product-grid.php on line 37

2020-08-26T17:58:27+00:00 CRITICAL Uncaught Error: Call to undefined function get_the_et_the_terms() in /Users/manas/Sites/oval.bio/wp-content/themes/oval.bio/source/blocks/product-grid.php:38
Stack trace:
#0 /Users/manas/Sites/oval.bio/wp-includes/template.php(732): require()
#1 /Users/manas/Sites/oval.bio/wp-includes/template.php(676): load_template('/Users/manas/Si...', false, Array)
#2 /Users/manas/Sites/oval.bio/wp-includes/general-template.php(204): locate_template(Array, true, false, Array)
#3 /Users/manas/Sites/oval.bio/wp-content/themes/oval.bio/page-all-products.php(6): get_template_part('source/blocks/p...', '')
#4 /Users/manas/Sites/oval.bio/wp-includes/template-loader.php(106): include('/Users/manas/Si...')
#5 /Users/manas/Sites/oval.bio/wp-blog-header.php(19): require_once('/Users/manas/Si...')
#6 /Users/manas/Sites/oval.bio/index.php(17): require('/Users/manas/Si...')
#7 /Users/manas/.composer/vendor/laravel/valet/server.php(191): require('/Users/manas/Si...')
#8 {main}
  thrown in /Users/manas/Sites/oval.bio/wp-content/themes/oval.bio/source/blocks/product-grid.php on line 38

2020-08-26T17:59:08+00:00 CRITICAL Uncaught ArgumentCountError: Too few arguments to function get_the_terms(), 0 passed in /Users/manas/Sites/oval.bio/wp-content/themes/oval.bio/source/blocks/product-grid.php on line 66 and exactly 2 expected in /Users/manas/Sites/oval.bio/wp-includes/category-template.php:1268
Stack trace:
#0 /Users/manas/Sites/oval.bio/wp-content/themes/oval.bio/source/blocks/product-grid.php(66): get_the_terms()
#1 /Users/manas/Sites/oval.bio/wp-includes/template.php(732): require('/Users/manas/Si...')
#2 /Users/manas/Sites/oval.bio/wp-includes/template.php(676): load_template('/Users/manas/Si...', false, Array)
#3 /Users/manas/Sites/oval.bio/wp-includes/general-template.php(204): locate_template(Array, true, false, Array)
#4 /Users/manas/Sites/oval.bio/wp-content/themes/oval.bio/page-all-products.php(6): get_template_part('source/blocks/p...', '')
#5 /Users/manas/Sites/oval.bio/wp-includes/template-loader.php(106): include('/Users/manas/Si...')
#6 /Users/manas/Sites/oval.bio/wp-blog-header.php(19): require_once('/Users/man in /Users/manas/Sites/oval.bio/wp-includes/category-template.php on line 1268

2020-08-26T17:59:34+00:00 CRITICAL Uncaught ArgumentCountError: Too few arguments to function get_the_terms(), 1 passed in /Users/manas/Sites/oval.bio/wp-content/themes/oval.bio/source/blocks/product-grid.php on line 66 and exactly 2 expected in /Users/manas/Sites/oval.bio/wp-includes/category-template.php:1268
Stack trace:
#0 /Users/manas/Sites/oval.bio/wp-content/themes/oval.bio/source/blocks/product-grid.php(66): get_the_terms(646)
#1 /Users/manas/Sites/oval.bio/wp-includes/template.php(732): require('/Users/manas/Si...')
#2 /Users/manas/Sites/oval.bio/wp-includes/template.php(676): load_template('/Users/manas/Si...', false, Array)
#3 /Users/manas/Sites/oval.bio/wp-includes/general-template.php(204): locate_template(Array, true, false, Array)
#4 /Users/manas/Sites/oval.bio/wp-content/themes/oval.bio/page-all-products.php(6): get_template_part('source/blocks/p...', '')
#5 /Users/manas/Sites/oval.bio/wp-includes/template-loader.php(106): include('/Users/manas/Si...')
#6 /Users/manas/Sites/oval.bio/wp-blog-header.php(19): require_once('/Users/ in /Users/manas/Sites/oval.bio/wp-includes/category-template.php on line 1268

2020-08-26T18:13:24+00:00 CRITICAL Uncaught Error: Object of class stdClass could not be converted to string in /Users/manas/Sites/oval.bio/wp-content/themes/oval.bio/template-parts/element-product-box.php:6
Stack trace:
#0 /Users/manas/Sites/oval.bio/wp-includes/template.php(732): require()
#1 /Users/manas/Sites/oval.bio/wp-includes/template.php(676): load_template('/Users/manas/Si...', false, Array)
#2 /Users/manas/Sites/oval.bio/wp-includes/general-template.php(204): locate_template(Array, true, false, Array)
#3 /Users/manas/Sites/oval.bio/wp-content/themes/oval.bio/source/blocks/product-grid.php(67): get_template_part('template-parts/...', 'product-box')
#4 /Users/manas/Sites/oval.bio/wp-includes/template.php(732): require('/Users/manas/Si...')
#5 /Users/manas/Sites/oval.bio/wp-includes/template.php(676): load_template('/Users/manas/Si...', false, Array)
#6 /Users/manas/Sites/oval.bio/wp-includes/general-template.php(204): locate_template(Array, true, false, Array)
#7 /Users/manas/Sites/oval.bio/wp-content/themes/oval.bio/page-home.php(109 in /Users/manas/Sites/oval.bio/wp-content/themes/oval.bio/template-parts/element-product-box.php on line 6

2020-08-26T18:13:25+00:00 CRITICAL Uncaught Error: Object of class stdClass could not be converted to string in /Users/manas/Sites/oval.bio/wp-content/themes/oval.bio/template-parts/element-product-box.php:6
Stack trace:
#0 /Users/manas/Sites/oval.bio/wp-includes/template.php(732): require()
#1 /Users/manas/Sites/oval.bio/wp-includes/template.php(676): load_template('/Users/manas/Si...', false, Array)
#2 /Users/manas/Sites/oval.bio/wp-includes/general-template.php(204): locate_template(Array, true, false, Array)
#3 /Users/manas/Sites/oval.bio/wp-content/themes/oval.bio/source/blocks/product-grid.php(67): get_template_part('template-parts/...', 'product-box')
#4 /Users/manas/Sites/oval.bio/wp-includes/template.php(732): require('/Users/manas/Si...')
#5 /Users/manas/Sites/oval.bio/wp-includes/template.php(676): load_template('/Users/manas/Si...', false, Array)
#6 /Users/manas/Sites/oval.bio/wp-includes/general-template.php(204): locate_template(Array, true, false, Array)
#7 /Users/manas/Sites/oval.bio/wp-content/themes/oval.bio/page-all-products in /Users/manas/Sites/oval.bio/wp-content/themes/oval.bio/template-parts/element-product-box.php on line 6

2020-08-26T18:13:32+00:00 CRITICAL Uncaught Error: Object of class stdClass could not be converted to string in /Users/manas/Sites/oval.bio/wp-content/themes/oval.bio/template-parts/element-product-box.php:6
Stack trace:
#0 /Users/manas/Sites/oval.bio/wp-includes/template.php(732): require()
#1 /Users/manas/Sites/oval.bio/wp-includes/template.php(676): load_template('/Users/manas/Si...', false, Array)
#2 /Users/manas/Sites/oval.bio/wp-includes/general-template.php(204): locate_template(Array, true, false, Array)
#3 /Users/manas/Sites/oval.bio/wp-content/themes/oval.bio/source/blocks/product-grid.php(67): get_template_part('template-parts/...', 'product-box')
#4 /Users/manas/Sites/oval.bio/wp-includes/template.php(732): require('/Users/manas/Si...')
#5 /Users/manas/Sites/oval.bio/wp-includes/template.php(676): load_template('/Users/manas/Si...', false, Array)
#6 /Users/manas/Sites/oval.bio/wp-includes/general-template.php(204): locate_template(Array, true, false, Array)
#7 /Users/manas/Sites/oval.bio/wp-content/themes/oval.bio/page-home.php(109 in /Users/manas/Sites/oval.bio/wp-content/themes/oval.bio/template-parts/element-product-box.php on line 6

2020-08-26T18:15:10+00:00 CRITICAL Uncaught Error: Object of class stdClass could not be converted to string in /Users/manas/Sites/oval.bio/wp-content/themes/oval.bio/template-parts/element-product-box.php:5
Stack trace:
#0 /Users/manas/Sites/oval.bio/wp-includes/template.php(732): require()
#1 /Users/manas/Sites/oval.bio/wp-includes/template.php(676): load_template('/Users/manas/Si...', false, Array)
#2 /Users/manas/Sites/oval.bio/wp-includes/general-template.php(204): locate_template(Array, true, false, Array)
#3 /Users/manas/Sites/oval.bio/wp-content/themes/oval.bio/source/blocks/product-grid.php(67): get_template_part('template-parts/...', 'product-box')
#4 /Users/manas/Sites/oval.bio/wp-includes/template.php(732): require('/Users/manas/Si...')
#5 /Users/manas/Sites/oval.bio/wp-includes/template.php(676): load_template('/Users/manas/Si...', false, Array)
#6 /Users/manas/Sites/oval.bio/wp-includes/general-template.php(204): locate_template(Array, true, false, Array)
#7 /Users/manas/Sites/oval.bio/wp-content/themes/oval.bio/page-home.php(109 in /Users/manas/Sites/oval.bio/wp-content/themes/oval.bio/template-parts/element-product-box.php on line 5

2020-08-26T18:15:11+00:00 CRITICAL Uncaught Error: Object of class stdClass could not be converted to string in /Users/manas/Sites/oval.bio/wp-content/themes/oval.bio/template-parts/element-product-box.php:5
Stack trace:
#0 /Users/manas/Sites/oval.bio/wp-includes/template.php(732): require()
#1 /Users/manas/Sites/oval.bio/wp-includes/template.php(676): load_template('/Users/manas/Si...', false, Array)
#2 /Users/manas/Sites/oval.bio/wp-includes/general-template.php(204): locate_template(Array, true, false, Array)
#3 /Users/manas/Sites/oval.bio/wp-content/themes/oval.bio/source/blocks/product-grid.php(67): get_template_part('template-parts/...', 'product-box')
#4 /Users/manas/Sites/oval.bio/wp-includes/template.php(732): require('/Users/manas/Si...')
#5 /Users/manas/Sites/oval.bio/wp-includes/template.php(676): load_template('/Users/manas/Si...', false, Array)
#6 /Users/manas/Sites/oval.bio/wp-includes/general-template.php(204): locate_template(Array, true, false, Array)
#7 /Users/manas/Sites/oval.bio/wp-content/themes/oval.bio/page-all-products in /Users/manas/Sites/oval.bio/wp-content/themes/oval.bio/template-parts/element-product-box.php on line 5

2020-08-26T18:16:08+00:00 CRITICAL Uncaught Error: Object of class stdClass could not be converted to string in /Users/manas/Sites/oval.bio/wp-content/themes/oval.bio/template-parts/element-product-box.php:7
Stack trace:
#0 /Users/manas/Sites/oval.bio/wp-includes/template.php(732): require()
#1 /Users/manas/Sites/oval.bio/wp-includes/template.php(676): load_template('/Users/manas/Si...', false, Array)
#2 /Users/manas/Sites/oval.bio/wp-includes/general-template.php(204): locate_template(Array, true, false, Array)
#3 /Users/manas/Sites/oval.bio/wp-content/themes/oval.bio/source/blocks/product-grid.php(67): get_template_part('template-parts/...', 'product-box')
#4 /Users/manas/Sites/oval.bio/wp-includes/template.php(732): require('/Users/manas/Si...')
#5 /Users/manas/Sites/oval.bio/wp-includes/template.php(676): load_template('/Users/manas/Si...', false, Array)
#6 /Users/manas/Sites/oval.bio/wp-includes/general-template.php(204): locate_template(Array, true, false, Array)
#7 /Users/manas/Sites/oval.bio/wp-content/themes/oval.bio/page-home.php(109 in /Users/manas/Sites/oval.bio/wp-content/themes/oval.bio/template-parts/element-product-box.php on line 7

2020-08-26T18:16:09+00:00 CRITICAL Uncaught Error: Object of class stdClass could not be converted to string in /Users/manas/Sites/oval.bio/wp-content/themes/oval.bio/template-parts/element-product-box.php:7
Stack trace:
#0 /Users/manas/Sites/oval.bio/wp-includes/template.php(732): require()
#1 /Users/manas/Sites/oval.bio/wp-includes/template.php(676): load_template('/Users/manas/Si...', false, Array)
#2 /Users/manas/Sites/oval.bio/wp-includes/general-template.php(204): locate_template(Array, true, false, Array)
#3 /Users/manas/Sites/oval.bio/wp-content/themes/oval.bio/source/blocks/product-grid.php(67): get_template_part('template-parts/...', 'product-box')
#4 /Users/manas/Sites/oval.bio/wp-includes/template.php(732): require('/Users/manas/Si...')
#5 /Users/manas/Sites/oval.bio/wp-includes/template.php(676): load_template('/Users/manas/Si...', false, Array)
#6 /Users/manas/Sites/oval.bio/wp-includes/general-template.php(204): locate_template(Array, true, false, Array)
#7 /Users/manas/Sites/oval.bio/wp-content/themes/oval.bio/page-all-products in /Users/manas/Sites/oval.bio/wp-content/themes/oval.bio/template-parts/element-product-box.php on line 7

2020-08-26T18:16:48+00:00 CRITICAL Uncaught Error: Cannot use object of type stdClass as array in /Users/manas/Sites/oval.bio/wp-content/themes/oval.bio/template-parts/element-product-box.php:5
Stack trace:
#0 /Users/manas/Sites/oval.bio/wp-includes/template.php(732): require()
#1 /Users/manas/Sites/oval.bio/wp-includes/template.php(676): load_template('/Users/manas/Si...', false, Array)
#2 /Users/manas/Sites/oval.bio/wp-includes/general-template.php(204): locate_template(Array, true, false, Array)
#3 /Users/manas/Sites/oval.bio/wp-content/themes/oval.bio/source/blocks/product-grid.php(67): get_template_part('template-parts/...', 'product-box')
#4 /Users/manas/Sites/oval.bio/wp-includes/template.php(732): require('/Users/manas/Si...')
#5 /Users/manas/Sites/oval.bio/wp-includes/template.php(676): load_template('/Users/manas/Si...', false, Array)
#6 /Users/manas/Sites/oval.bio/wp-includes/general-template.php(204): locate_template(Array, true, false, Array)
#7 /Users/manas/Sites/oval.bio/wp-content/themes/oval.bio/page-home.php(109): get_templat in /Users/manas/Sites/oval.bio/wp-content/themes/oval.bio/template-parts/element-product-box.php on line 5

2020-08-26T18:16:49+00:00 CRITICAL Uncaught Error: Cannot use object of type stdClass as array in /Users/manas/Sites/oval.bio/wp-content/themes/oval.bio/template-parts/element-product-box.php:5
Stack trace:
#0 /Users/manas/Sites/oval.bio/wp-includes/template.php(732): require()
#1 /Users/manas/Sites/oval.bio/wp-includes/template.php(676): load_template('/Users/manas/Si...', false, Array)
#2 /Users/manas/Sites/oval.bio/wp-includes/general-template.php(204): locate_template(Array, true, false, Array)
#3 /Users/manas/Sites/oval.bio/wp-content/themes/oval.bio/source/blocks/product-grid.php(67): get_template_part('template-parts/...', 'product-box')
#4 /Users/manas/Sites/oval.bio/wp-includes/template.php(732): require('/Users/manas/Si...')
#5 /Users/manas/Sites/oval.bio/wp-includes/template.php(676): load_template('/Users/manas/Si...', false, Array)
#6 /Users/manas/Sites/oval.bio/wp-includes/general-template.php(204): locate_template(Array, true, false, Array)
#7 /Users/manas/Sites/oval.bio/wp-content/themes/oval.bio/page-all-products.php(6): get_t in /Users/manas/Sites/oval.bio/wp-content/themes/oval.bio/template-parts/element-product-box.php on line 5

2020-08-26T18:17:04+00:00 CRITICAL Uncaught Error: Object of class stdClass could not be converted to string in /Users/manas/Sites/oval.bio/wp-content/themes/oval.bio/template-parts/element-product-box.php:7
Stack trace:
#0 /Users/manas/Sites/oval.bio/wp-includes/template.php(732): require()
#1 /Users/manas/Sites/oval.bio/wp-includes/template.php(676): load_template('/Users/manas/Si...', false, Array)
#2 /Users/manas/Sites/oval.bio/wp-includes/general-template.php(204): locate_template(Array, true, false, Array)
#3 /Users/manas/Sites/oval.bio/wp-content/themes/oval.bio/source/blocks/product-grid.php(67): get_template_part('template-parts/...', 'product-box')
#4 /Users/manas/Sites/oval.bio/wp-includes/template.php(732): require('/Users/manas/Si...')
#5 /Users/manas/Sites/oval.bio/wp-includes/template.php(676): load_template('/Users/manas/Si...', false, Array)
#6 /Users/manas/Sites/oval.bio/wp-includes/general-template.php(204): locate_template(Array, true, false, Array)
#7 /Users/manas/Sites/oval.bio/wp-content/themes/oval.bio/page-home.php(109 in /Users/manas/Sites/oval.bio/wp-content/themes/oval.bio/template-parts/element-product-box.php on line 7

2020-08-26T18:17:05+00:00 CRITICAL Uncaught Error: Object of class stdClass could not be converted to string in /Users/manas/Sites/oval.bio/wp-content/themes/oval.bio/template-parts/element-product-box.php:7
Stack trace:
#0 /Users/manas/Sites/oval.bio/wp-includes/template.php(732): require()
#1 /Users/manas/Sites/oval.bio/wp-includes/template.php(676): load_template('/Users/manas/Si...', false, Array)
#2 /Users/manas/Sites/oval.bio/wp-includes/general-template.php(204): locate_template(Array, true, false, Array)
#3 /Users/manas/Sites/oval.bio/wp-content/themes/oval.bio/source/blocks/product-grid.php(67): get_template_part('template-parts/...', 'product-box')
#4 /Users/manas/Sites/oval.bio/wp-includes/template.php(732): require('/Users/manas/Si...')
#5 /Users/manas/Sites/oval.bio/wp-includes/template.php(676): load_template('/Users/manas/Si...', false, Array)
#6 /Users/manas/Sites/oval.bio/wp-includes/general-template.php(204): locate_template(Array, true, false, Array)
#7 /Users/manas/Sites/oval.bio/wp-content/themes/oval.bio/page-all-products in /Users/manas/Sites/oval.bio/wp-content/themes/oval.bio/template-parts/element-product-box.php on line 7

2020-08-26T18:28:54+00:00 CRITICAL syntax error, unexpected ')' in /Users/manas/Sites/oval.bio/wp-content/themes/oval.bio/source/blocks/product-grid.php on line 47

2020-08-26T22:34:07+00:00 CRITICAL syntax error, unexpected ')' in /Users/manas/Sites/oval.bio/wp-content/themes/oval.bio/source/blocks/product-grid.php on line 67

